TypeError: Cannot read properties of undefined (reading 'createClient')
    at Object.<anonymous> (D:\Projects\ZtBlog\backend\express\build\common\cache.js:7:37)
    at Module._compile (node:internal/modules/cjs/loader:1105:14)
    at Object.Module._extensions..js (node:internal/modules/cjs/loader:1159:10)
    at Module.load (node:internal/modules/cjs/loader:981:32)
    at Function.Module._load (node:internal/modules/cjs/loader:822:12)
    at Module.require (node:internal/modules/cjs/loader:1005:19)
    at Module.Hook._require.Module.require (D:\Projects\ZtBlog\backend\express\node_modules\require-in-the-middle\index.js:80:39)
    at require (node:internal/modules/cjs/helpers:102:18)
    at Object.<anonymous> (D:\Projects\ZtBlog\backend\express\build\services\articleService.js:18:33)
    at Module._compile (node:internal/modules/cjs/loader:1105:14)
TypeError: Cannot read properties of undefined (reading 'createClient')
    at Object.<anonymous> (D:\Projects\ZtBlog\backend\express\build\common\cache.js:7:37)
    at Module._compile (node:internal/modules/cjs/loader:1105:14)
    at Object.Module._extensions..js (node:internal/modules/cjs/loader:1159:10)
    at Module.load (node:internal/modules/cjs/loader:981:32)
    at Function.Module._load (node:internal/modules/cjs/loader:822:12)
    at Module.require (node:internal/modules/cjs/loader:1005:19)
    at Module.Hook._require.Module.require (D:\Projects\ZtBlog\backend\express\node_modules\require-in-the-middle\index.js:80:39)
    at require (node:internal/modules/cjs/helpers:102:18)
    at Object.<anonymous> (D:\Projects\ZtBlog\backend\express\build\services\articleService.js:18:33)
    at Module._compile (node:internal/modules/cjs/loader:1105:14)
TypeError: Cannot read properties of undefined (reading 'createClient')
    at Object.<anonymous> (D:\Projects\ZtBlog\backend\express\build\common\cache.js:7:37)
    at Module._compile (node:internal/modules/cjs/loader:1105:14)
    at Object.Module._extensions..js (node:internal/modules/cjs/loader:1159:10)
    at Module.load (node:internal/modules/cjs/loader:981:32)
    at Function.Module._load (node:internal/modules/cjs/loader:822:12)
    at Module.require (node:internal/modules/cjs/loader:1005:19)
    at Module.Hook._require.Module.require (D:\Projects\ZtBlog\backend\express\node_modules\require-in-the-middle\index.js:80:39)
    at require (node:internal/modules/cjs/helpers:102:18)
    at Object.<anonymous> (D:\Projects\ZtBlog\backend\express\build\services\articleService.js:18:33)
    at Module._compile (node:internal/modules/cjs/loader:1105:14)
TypeError: Cannot read properties of undefined (reading 'createClient')
    at Object.<anonymous> (D:\Projects\ZtBlog\backend\express\build\common\cache.js:7:37)
    at Module._compile (node:internal/modules/cjs/loader:1105:14)
    at Object.Module._extensions..js (node:internal/modules/cjs/loader:1159:10)
    at Module.load (node:internal/modules/cjs/loader:981:32)
    at Function.Module._load (node:internal/modules/cjs/loader:822:12)
    at Module.require (node:internal/modules/cjs/loader:1005:19)
    at Module.Hook._require.Module.require (D:\Projects\ZtBlog\backend\express\node_modules\require-in-the-middle\index.js:80:39)
    at require (node:internal/modules/cjs/helpers:102:18)
    at Object.<anonymous> (D:\Projects\ZtBlog\backend\express\build\services\articleService.js:18:33)
    at Module._compile (node:internal/modules/cjs/loader:1105:14)
TypeError: Cannot read properties of undefined (reading 'createClient')
    at Object.<anonymous> (D:\Projects\ZtBlog\backend\express\build\common\cache.js:7:37)
    at Module._compile (node:internal/modules/cjs/loader:1105:14)
    at Object.Module._extensions..js (node:internal/modules/cjs/loader:1159:10)
    at Module.load (node:internal/modules/cjs/loader:981:32)
    at Function.Module._load (node:internal/modules/cjs/loader:822:12)
    at Module.require (node:internal/modules/cjs/loader:1005:19)
    at Module.Hook._require.Module.require (D:\Projects\ZtBlog\backend\express\node_modules\require-in-the-middle\index.js:80:39)
    at require (node:internal/modules/cjs/helpers:102:18)
    at Object.<anonymous> (D:\Projects\ZtBlog\backend\express\build\services\articleService.js:18:33)
    at Module._compile (node:internal/modules/cjs/loader:1105:14)
TypeError: Cannot read properties of undefined (reading 'createClient')
    at Object.<anonymous> (D:\Projects\ZtBlog\backend\express\build\common\cache.js:7:37)
    at Module._compile (node:internal/modules/cjs/loader:1105:14)
    at Object.Module._extensions..js (node:internal/modules/cjs/loader:1159:10)
    at Module.load (node:internal/modules/cjs/loader:981:32)
    at Function.Module._load (node:internal/modules/cjs/loader:822:12)
    at Module.require (node:internal/modules/cjs/loader:1005:19)
    at Module.Hook._require.Module.require (D:\Projects\ZtBlog\backend\express\node_modules\require-in-the-middle\index.js:80:39)
    at require (node:internal/modules/cjs/helpers:102:18)
    at Object.<anonymous> (D:\Projects\ZtBlog\backend\express\build\services\articleService.js:18:33)
    at Module._compile (node:internal/modules/cjs/loader:1105:14)
TypeError: Cannot read properties of undefined (reading 'createClient')
    at Object.<anonymous> (D:\Projects\ZtBlog\backend\express\build\common\cache.js:7:37)
    at Module._compile (node:internal/modules/cjs/loader:1105:14)
    at Object.Module._extensions..js (node:internal/modules/cjs/loader:1159:10)
    at Module.load (node:internal/modules/cjs/loader:981:32)
    at Function.Module._load (node:internal/modules/cjs/loader:822:12)
    at Module.require (node:internal/modules/cjs/loader:1005:19)
    at Module.Hook._require.Module.require (D:\Projects\ZtBlog\backend\express\node_modules\require-in-the-middle\index.js:80:39)
    at require (node:internal/modules/cjs/helpers:102:18)
    at Object.<anonymous> (D:\Projects\ZtBlog\backend\express\build\services\articleService.js:18:33)
    at Module._compile (node:internal/modules/cjs/loader:1105:14)
TypeError: Cannot read properties of undefined (reading 'createClient')
    at Object.<anonymous> (D:\Projects\ZtBlog\backend\express\build\common\cache.js:7:37)
    at Module._compile (node:internal/modules/cjs/loader:1105:14)
    at Object.Module._extensions..js (node:internal/modules/cjs/loader:1159:10)
    at Module.load (node:internal/modules/cjs/loader:981:32)
    at Function.Module._load (node:internal/modules/cjs/loader:822:12)
    at Module.require (node:internal/modules/cjs/loader:1005:19)
    at Module.Hook._require.Module.require (D:\Projects\ZtBlog\backend\express\node_modules\require-in-the-middle\index.js:80:39)
    at require (node:internal/modules/cjs/helpers:102:18)
    at Object.<anonymous> (D:\Projects\ZtBlog\backend\express\build\services\articleService.js:18:33)
    at Module._compile (node:internal/modules/cjs/loader:1105:14)
TypeError: Cannot read properties of undefined (reading 'createClient')
    at Object.<anonymous> (D:\Projects\ZtBlog\backend\express\build\common\cache.js:7:37)
    at Module._compile (node:internal/modules/cjs/loader:1105:14)
    at Object.Module._extensions..js (node:internal/modules/cjs/loader:1159:10)
    at Module.load (node:internal/modules/cjs/loader:981:32)
    at Function.Module._load (node:internal/modules/cjs/loader:822:12)
    at Module.require (node:internal/modules/cjs/loader:1005:19)
    at Module.Hook._require.Module.require (D:\Projects\ZtBlog\backend\express\node_modules\require-in-the-middle\index.js:80:39)
    at require (node:internal/modules/cjs/helpers:102:18)
    at Object.<anonymous> (D:\Projects\ZtBlog\backend\express\build\services\articleService.js:18:33)
    at Module._compile (node:internal/modules/cjs/loader:1105:14)
TypeError: Cannot read properties of undefined (reading 'createClient')
    at Object.<anonymous> (D:\Projects\ZtBlog\backend\express\build\common\cache.js:7:37)
    at Module._compile (node:internal/modules/cjs/loader:1105:14)
    at Object.Module._extensions..js (node:internal/modules/cjs/loader:1159:10)
    at Module.load (node:internal/modules/cjs/loader:981:32)
    at Function.Module._load (node:internal/modules/cjs/loader:822:12)
    at Module.require (node:internal/modules/cjs/loader:1005:19)
    at Module.Hook._require.Module.require (D:\Projects\ZtBlog\backend\express\node_modules\require-in-the-middle\index.js:80:39)
    at require (node:internal/modules/cjs/helpers:102:18)
    at Object.<anonymous> (D:\Projects\ZtBlog\backend\express\build\services\articleService.js:18:33)
    at Module._compile (node:internal/modules/cjs/loader:1105:14)
TypeError: Cannot read properties of undefined (reading 'createClient')
    at Object.<anonymous> (D:\Projects\ZtBlog\backend\express\build\common\cache.js:7:37)
    at Module._compile (node:internal/modules/cjs/loader:1105:14)
    at Object.Module._extensions..js (node:internal/modules/cjs/loader:1159:10)
    at Module.load (node:internal/modules/cjs/loader:981:32)
    at Function.Module._load (node:internal/modules/cjs/loader:822:12)
    at Module.require (node:internal/modules/cjs/loader:1005:19)
    at Module.Hook._require.Module.require (D:\Projects\ZtBlog\backend\express\node_modules\require-in-the-middle\index.js:80:39)
    at require (node:internal/modules/cjs/helpers:102:18)
    at Object.<anonymous> (D:\Projects\ZtBlog\backend\express\build\services\articleService.js:18:33)
    at Module._compile (node:internal/modules/cjs/loader:1105:14)
TypeError: Cannot read properties of undefined (reading 'createClient')
    at Object.<anonymous> (D:\Projects\ZtBlog\backend\express\build\common\cache.js:7:37)
    at Module._compile (node:internal/modules/cjs/loader:1105:14)
    at Object.Module._extensions..js (node:internal/modules/cjs/loader:1159:10)
    at Module.load (node:internal/modules/cjs/loader:981:32)
    at Function.Module._load (node:internal/modules/cjs/loader:822:12)
    at Module.require (node:internal/modules/cjs/loader:1005:19)
    at Module.Hook._require.Module.require (D:\Projects\ZtBlog\backend\express\node_modules\require-in-the-middle\index.js:80:39)
    at require (node:internal/modules/cjs/helpers:102:18)
    at Object.<anonymous> (D:\Projects\ZtBlog\backend\express\build\services\articleService.js:18:33)
    at Module._compile (node:internal/modules/cjs/loader:1105:14)
TypeError: Cannot read properties of undefined (reading 'createClient')
    at Object.<anonymous> (D:\Projects\ZtBlog\backend\express\build\common\cache.js:7:37)
    at Module._compile (node:internal/modules/cjs/loader:1105:14)
    at Object.Module._extensions..js (node:internal/modules/cjs/loader:1159:10)
    at Module.load (node:internal/modules/cjs/loader:981:32)
    at Function.Module._load (node:internal/modules/cjs/loader:822:12)
    at Module.require (node:internal/modules/cjs/loader:1005:19)
    at Module.Hook._require.Module.require (D:\Projects\ZtBlog\backend\express\node_modules\require-in-the-middle\index.js:80:39)
    at require (node:internal/modules/cjs/helpers:102:18)
    at Object.<anonymous> (D:\Projects\ZtBlog\backend\express\build\services\articleService.js:18:33)
    at Module._compile (node:internal/modules/cjs/loader:1105:14)
TypeError: Cannot read properties of undefined (reading 'createClient')
    at Object.<anonymous> (D:\Projects\ZtBlog\backend\express\build\common\cache.js:7:37)
    at Module._compile (node:internal/modules/cjs/loader:1105:14)
    at Object.Module._extensions..js (node:internal/modules/cjs/loader:1159:10)
    at Module.load (node:internal/modules/cjs/loader:981:32)
    at Function.Module._load (node:internal/modules/cjs/loader:822:12)
    at Module.require (node:internal/modules/cjs/loader:1005:19)
    at Module.Hook._require.Module.require (D:\Projects\ZtBlog\backend\express\node_modules\require-in-the-middle\index.js:80:39)
    at require (node:internal/modules/cjs/helpers:102:18)
    at Object.<anonymous> (D:\Projects\ZtBlog\backend\express\build\services\articleService.js:18:33)
    at Module._compile (node:internal/modules/cjs/loader:1105:14)
TypeError: Cannot read properties of undefined (reading 'createClient')
    at Object.<anonymous> (D:\Projects\ZtBlog\backend\express\build\common\cache.js:7:37)
    at Module._compile (node:internal/modules/cjs/loader:1105:14)
    at Object.Module._extensions..js (node:internal/modules/cjs/loader:1159:10)
    at Module.load (node:internal/modules/cjs/loader:981:32)
    at Function.Module._load (node:internal/modules/cjs/loader:822:12)
    at Module.require (node:internal/modules/cjs/loader:1005:19)
    at Module.Hook._require.Module.require (D:\Projects\ZtBlog\backend\express\node_modules\require-in-the-middle\index.js:80:39)
    at require (node:internal/modules/cjs/helpers:102:18)
    at Object.<anonymous> (D:\Projects\ZtBlog\backend\express\build\services\articleService.js:18:33)
    at Module._compile (node:internal/modules/cjs/loader:1105:14)
TypeError: Cannot read properties of undefined (reading 'createClient')
    at Object.<anonymous> (D:\Projects\ZtBlog\backend\express\build\common\cache.js:7:37)
    at Module._compile (node:internal/modules/cjs/loader:1105:14)
    at Object.Module._extensions..js (node:internal/modules/cjs/loader:1159:10)
    at Module.load (node:internal/modules/cjs/loader:981:32)
    at Function.Module._load (node:internal/modules/cjs/loader:822:12)
    at Module.require (node:internal/modules/cjs/loader:1005:19)
    at Module.Hook._require.Module.require (D:\Projects\ZtBlog\backend\express\node_modules\require-in-the-middle\index.js:80:39)
    at require (node:internal/modules/cjs/helpers:102:18)
    at Object.<anonymous> (D:\Projects\ZtBlog\backend\express\build\services\articleService.js:18:33)
    at Module._compile (node:internal/modules/cjs/loader:1105:14)
TypeError: Cannot read properties of undefined (reading 'createClient')
    at Object.<anonymous> (D:\Projects\ZtBlog\backend\express\build\common\cache.js:7:37)
    at Module._compile (node:internal/modules/cjs/loader:1105:14)
    at Object.Module._extensions..js (node:internal/modules/cjs/loader:1159:10)
    at Module.load (node:internal/modules/cjs/loader:981:32)
    at Function.Module._load (node:internal/modules/cjs/loader:822:12)
    at Module.require (node:internal/modules/cjs/loader:1005:19)
    at Module.Hook._require.Module.require (D:\Projects\ZtBlog\backend\express\node_modules\require-in-the-middle\index.js:80:39)
    at require (node:internal/modules/cjs/helpers:102:18)
    at Object.<anonymous> (D:\Projects\ZtBlog\backend\express\build\services\articleService.js:18:33)
    at Module._compile (node:internal/modules/cjs/loader:1105:14)
TypeError: Cannot read properties of undefined (reading 'createClient')
    at Object.<anonymous> (D:\Projects\ZtBlog\backend\express\build\common\cache.js:7:37)
    at Module._compile (node:internal/modules/cjs/loader:1105:14)
    at Object.Module._extensions..js (node:internal/modules/cjs/loader:1159:10)
    at Module.load (node:internal/modules/cjs/loader:981:32)
    at Function.Module._load (node:internal/modules/cjs/loader:822:12)
    at Module.require (node:internal/modules/cjs/loader:1005:19)
    at Module.Hook._require.Module.require (D:\Projects\ZtBlog\backend\express\node_modules\require-in-the-middle\index.js:80:39)
    at require (node:internal/modules/cjs/helpers:102:18)
    at Object.<anonymous> (D:\Projects\ZtBlog\backend\express\build\services\articleService.js:18:33)
    at Module._compile (node:internal/modules/cjs/loader:1105:14)
TypeError: Cannot read properties of undefined (reading 'createClient')
    at Object.<anonymous> (D:\Projects\ZtBlog\backend\express\build\common\cache.js:7:37)
    at Module._compile (node:internal/modules/cjs/loader:1105:14)
    at Object.Module._extensions..js (node:internal/modules/cjs/loader:1159:10)
    at Module.load (node:internal/modules/cjs/loader:981:32)
    at Function.Module._load (node:internal/modules/cjs/loader:822:12)
    at Module.require (node:internal/modules/cjs/loader:1005:19)
    at Module.Hook._require.Module.require (D:\Projects\ZtBlog\backend\express\node_modules\require-in-the-middle\index.js:80:39)
    at require (node:internal/modules/cjs/helpers:102:18)
    at Object.<anonymous> (D:\Projects\ZtBlog\backend\express\build\services\articleService.js:18:33)
    at Module._compile (node:internal/modules/cjs/loader:1105:14)
TypeError: Cannot read properties of undefined (reading 'createClient')
    at Object.<anonymous> (D:\Projects\ZtBlog\backend\express\build\common\cache.js:7:37)
    at Module._compile (node:internal/modules/cjs/loader:1105:14)
    at Object.Module._extensions..js (node:internal/modules/cjs/loader:1159:10)
    at Module.load (node:internal/modules/cjs/loader:981:32)
    at Function.Module._load (node:internal/modules/cjs/loader:822:12)
    at Module.require (node:internal/modules/cjs/loader:1005:19)
    at Module.Hook._require.Module.require (D:\Projects\ZtBlog\backend\express\node_modules\require-in-the-middle\index.js:80:39)
    at require (node:internal/modules/cjs/helpers:102:18)
    at Object.<anonymous> (D:\Projects\ZtBlog\backend\express\build\services\articleService.js:18:33)
    at Module._compile (node:internal/modules/cjs/loader:1105:14)
